2021-10-03 15:21:48.836 [Thread-0] INFO  br.ufpa.cbcc.threads.central.Antena - Antena Antena-2 em execucao
2021-10-03 15:21:48.838 [Thread-2] INFO  br.ufpa.cbcc.threads.central.Antena - Antena Antena-0 em execucao
2021-10-03 15:21:48.838 [main] INFO  br.ufpa.cbcc.threads.Application - Central: Total de antenas: 3Total de Numeros: 100
CentralTelefonica{
	 antenas = {
	[Antena: Antena-2
Total de numeros da Antena: 37
NumeroTelefone{tipoNumero=MEDICO, numTelefome='64', emLicacaoCom=null}
NumeroTelefone{tipoNumero=CIVIL, numTelefome='5', emLicacaoCom=null}
NumeroTelefone{tipoNumero=MEDICO, numTelefome='70', emLicacaoCom=null}
NumeroTelefone{tipoNumero=MEDICO, numTelefome='71', emLicacaoCom=null}
NumeroTelefone{tipoNumero=CIVIL, numTelefome='8', emLicacaoCom=null}
NumeroTelefone{tipoNumero=MEDICO, numTelefome='73', emLicacaoCom=null}
NumeroTelefone{tipoNumero=MEDICO, numTelefome='75', emLicacaoCom=null}
NumeroTelefone{tipoNumero=MEDICO, numTelefome='77', emLicacaoCom=null}
NumeroTelefone{tipoNumero=CIVIL, numTelefome='14', emLicacaoCom=null}
NumeroTelefone{tipoNumero=MEDICO, numTelefome='78', emLicacaoCom=null}
NumeroTelefone{tipoNumero=MEDICO, numTelefome='79', emLicacaoCom=null}
NumeroTelefone{tipoNumero=CIVIL, numTelefome='21', emLicacaoCom=null}
NumeroTelefone{tipoNumero=MEDICO, numTelefome='86', emLicacaoCom=null}
NumeroTelefone{tipoNumero=CIVIL, numTelefome='24', emLicacaoCom=null}
NumeroTelefone{tipoNumero=BOMBEIRO, numTelefome='91', emLicacaoCom=null}
NumeroTelefone{tipoNumero=CIVIL, numTelefome='27', emLicacaoCom=null}
NumeroTelefone{tipoNumero=BOMBEIRO, numTelefome='92', emLicacaoCom=null}
NumeroTelefone{tipoNumero=BOMBEIRO, numTelefome='93', emLicacaoCom=null}
NumeroTelefone{tipoNumero=CIVIL, numTelefome='30', emLicacaoCom=null}
NumeroTelefone{tipoNumero=BOMBEIRO, numTelefome='94', emLicacaoCom=null}
NumeroTelefone{tipoNumero=BOMBEIRO, numTelefome='95', emLicacaoCom=null}
NumeroTelefone{tipoNumero=BOMBEIRO, numTelefome='97', emLicacaoCom=null}
NumeroTelefone{tipoNumero=CIVIL, numTelefome='33', emLicacaoCom=null}
NumeroTelefone{tipoNumero=CIVIL, numTelefome='34', emLicacaoCom=null}
NumeroTelefone{tipoNumero=BOMBEIRO, numTelefome='98', emLicacaoCom=null}
NumeroTelefone{tipoNumero=BOMBEIRO, numTelefome='99', emLicacaoCom=null}
NumeroTelefone{tipoNumero=CIVIL, numTelefome='41', emLicacaoCom=null}
NumeroTelefone{tipoNumero=CIVIL, numTelefome='44', emLicacaoCom=null}
NumeroTelefone{tipoNumero=CIVIL, numTelefome='45', emLicacaoCom=null}
NumeroTelefone{tipoNumero=CIVIL, numTelefome='46', emLicacaoCom=null}
NumeroTelefone{tipoNumero=CIVIL, numTelefome='47', emLicacaoCom=null}
NumeroTelefone{tipoNumero=CIVIL, numTelefome='51', emLicacaoCom=null}
NumeroTelefone{tipoNumero=CIVIL, numTelefome='52', emLicacaoCom=null}
NumeroTelefone{tipoNumero=CIVIL, numTelefome='57', emLicacaoCom=null}
NumeroTelefone{tipoNumero=CIVIL, numTelefome='58', emLicacaoCom=null}
NumeroTelefone{tipoNumero=CIVIL, numTelefome='59', emLicacaoCom=null}
NumeroTelefone{tipoNumero=MEDICO, numTelefome='60', emLicacaoCom=null}
, Antena: Antena-1
Total de numeros da Antena: 31
NumeroTelefone{tipoNumero=MEDICO, numTelefome='66', emLicacaoCom=null}
NumeroTelefone{tipoNumero=CIVIL, numTelefome='3', emLicacaoCom=null}
NumeroTelefone{tipoNumero=CIVIL, numTelefome='4', emLicacaoCom=null}
NumeroTelefone{tipoNumero=MEDICO, numTelefome='68', emLicacaoCom=null}
NumeroTelefone{tipoNumero=CIVIL, numTelefome='10', emLicacaoCom=null}
NumeroTelefone{tipoNumero=MEDICO, numTelefome='74', emLicacaoCom=null}
NumeroTelefone{tipoNumero=CIVIL, numTelefome='11', emLicacaoCom=null}
NumeroTelefone{tipoNumero=CIVIL, numTelefome='12', emLicacaoCom=null}
NumeroTelefone{tipoNumero=CIVIL, numTelefome='15', emLicacaoCom=null}
NumeroTelefone{tipoNumero=MEDICO, numTelefome='81', emLicacaoCom=null}
NumeroTelefone{tipoNumero=CIVIL, numTelefome='17', emLicacaoCom=null}
NumeroTelefone{tipoNumero=CIVIL, numTelefome='18', emLicacaoCom=null}
NumeroTelefone{tipoNumero=CIVIL, numTelefome='19', emLicacaoCom=null}
NumeroTelefone{tipoNumero=MEDICO, numTelefome='84', emLicacaoCom=null}
NumeroTelefone{tipoNumero=CIVIL, numTelefome='20', emLicacaoCom=null}
NumeroTelefone{tipoNumero=CIVIL, numTelefome='23', emLicacaoCom=null}
NumeroTelefone{tipoNumero=MEDICO, numTelefome='87', emLicacaoCom=null}
NumeroTelefone{tipoNumero=CIVIL, numTelefome='25', emLicacaoCom=null}
NumeroTelefone{tipoNumero=BOMBEIRO, numTelefome='90', emLicacaoCom=null}
NumeroTelefone{tipoNumero=CIVIL, numTelefome='28', emLicacaoCom=null}
NumeroTelefone{tipoNumero=CIVIL, numTelefome='29', emLicacaoCom=null}
NumeroTelefone{tipoNumero=CIVIL, numTelefome='31', emLicacaoCom=null}
NumeroTelefone{tipoNumero=BOMBEIRO, numTelefome='96', emLicacaoCom=null}
NumeroTelefone{tipoNumero=CIVIL, numTelefome='35', emLicacaoCom=null}
NumeroTelefone{tipoNumero=CIVIL, numTelefome='40', emLicacaoCom=null}
NumeroTelefone{tipoNumero=CIVIL, numTelefome='48', emLicacaoCom=null}
NumeroTelefone{tipoNumero=CIVIL, numTelefome='50', emLicacaoCom=null}
NumeroTelefone{tipoNumero=CIVIL, numTelefome='54', emLicacaoCom=null}
NumeroTelefone{tipoNumero=CIVIL, numTelefome='55', emLicacaoCom=null}
NumeroTelefone{tipoNumero=CIVIL, numTelefome='56', emLicacaoCom=null}
NumeroTelefone{tipoNumero=MEDICO, numTelefome='63', emLicacaoCom=null}
, Antena: Antena-0
Total de numeros da Antena: 32
NumeroTelefone{tipoNumero=CIVIL, numTelefome='0', emLicacaoCom=null}
NumeroTelefone{tipoNumero=CIVIL, numTelefome='1', emLicacaoCom=null}
NumeroTelefone{tipoNumero=MEDICO, numTelefome='65', emLicacaoCom=null}
NumeroTelefone{tipoNumero=CIVIL, numTelefome='2', emLicacaoCom=null}
NumeroTelefone{tipoNumero=MEDICO, numTelefome='67', emLicacaoCom=null}
NumeroTelefone{tipoNumero=MEDICO, numTelefome='69', emLicacaoCom=null}
NumeroTelefone{tipoNumero=CIVIL, numTelefome='6', emLicacaoCom=null}
NumeroTelefone{tipoNumero=CIVIL, numTelefome='7', emLicacaoCom=null}
NumeroTelefone{tipoNumero=MEDICO, numTelefome='72', emLicacaoCom=null}
NumeroTelefone{tipoNumero=CIVIL, numTelefome='9', emLicacaoCom=null}
NumeroTelefone{tipoNumero=MEDICO, numTelefome='76', emLicacaoCom=null}
NumeroTelefone{tipoNumero=CIVIL, numTelefome='13', emLicacaoCom=null}
NumeroTelefone{tipoNumero=CIVIL, numTelefome='16', emLicacaoCom=null}
NumeroTelefone{tipoNumero=MEDICO, numTelefome='80', emLicacaoCom=null}
NumeroTelefone{tipoNumero=MEDICO, numTelefome='82', emLicacaoCom=null}
NumeroTelefone{tipoNumero=MEDICO, numTelefome='83', emLicacaoCom=null}
NumeroTelefone{tipoNumero=MEDICO, numTelefome='85', emLicacaoCom=null}
NumeroTelefone{tipoNumero=CIVIL, numTelefome='22', emLicacaoCom=null}
NumeroTelefone{tipoNumero=MEDICO, numTelefome='88', emLicacaoCom=null}
NumeroTelefone{tipoNumero=MEDICO, numTelefome='89', emLicacaoCom=null}
NumeroTelefone{tipoNumero=CIVIL, numTelefome='26', emLicacaoCom=null}
NumeroTelefone{tipoNumero=CIVIL, numTelefome='32', emLicacaoCom=null}
NumeroTelefone{tipoNumero=CIVIL, numTelefome='36', emLicacaoCom=null}
NumeroTelefone{tipoNumero=CIVIL, numTelefome='37', emLicacaoCom=null}
NumeroTelefone{tipoNumero=CIVIL, numTelefome='38', emLicacaoCom=null}
NumeroTelefone{tipoNumero=CIVIL, numTelefome='39', emLicacaoCom=null}
NumeroTelefone{tipoNumero=CIVIL, numTelefome='42', emLicacaoCom=null}
NumeroTelefone{tipoNumero=CIVIL, numTelefome='43', emLicacaoCom=null}
NumeroTelefone{tipoNumero=CIVIL, numTelefome='49', emLicacaoCom=null}
NumeroTelefone{tipoNumero=CIVIL, numTelefome='53', emLicacaoCom=null}
NumeroTelefone{tipoNumero=MEDICO, numTelefome='61', emLicacaoCom=null}
NumeroTelefone{tipoNumero=MEDICO, numTelefome='62', emLicacaoCom=null}
]
}
2021-10-03 15:21:48.838 [Thread-1] INFO  br.ufpa.cbcc.threads.central.Antena - Antena Antena-1 em execucao
2021-10-03 15:21:58.700 [Thread-3] INFO  br.ufpa.cbcc.threads.central.Antena - Antena-1 - Ligacao conectada 19 => 28
2021-10-03 15:21:58.700 [Thread-4] INFO  br.ufpa.cbcc.threads.central.Antena - Antena-0 - Ligacao conectada 58 => 38
2021-10-03 15:21:59.201 [Thread-4] INFO  br.ufpa.cbcc.threads.central.Antena - Antena-1 - Ligacao conectada 31 => 3
2021-10-03 15:21:59.201 [Thread-3] INFO  br.ufpa.cbcc.threads.central.Antena - Antena-0 - Ligacao conectada 6 => 42
2021-10-03 15:21:59.702 [Thread-4] WARN  br.ufpa.cbcc.threads.central.Antena - Antena-1 - Ligacao adicioonada à espera 50 => 48
2021-10-03 15:21:59.703 [Thread-3] WARN  br.ufpa.cbcc.threads.central.Antena - Antena-1 - Ligacao adicioonada à espera 76 => 19
2021-10-03 15:22:00.203 [Thread-4] INFO  br.ufpa.cbcc.threads.central.Antena - Ligação encerrada: 58 => 38
2021-10-03 15:22:00.204 [Thread-3] INFO  br.ufpa.cbcc.threads.central.Antena - Antena-2 - Ligacao conectada 2 => 46
2021-10-03 15:22:00.703 [Thread-4] INFO  br.ufpa.cbcc.threads.central.Antena - Ligação encerrada: 31 => 3
2021-10-03 15:22:00.704 [Thread-1] INFO  br.ufpa.cbcc.threads.central.Antena - Antena-1 - FilaAtual: 
2021-10-03 15:22:00.706 [Thread-1] INFO  br.ufpa.cbcc.threads.central.Antena - 50 => 48(2)
2021-10-03 15:22:00.707 [Thread-1] INFO  br.ufpa.cbcc.threads.central.Antena - 76 => 19(3)
2021-10-03 15:22:00.707 [Thread-1] INFO  br.ufpa.cbcc.threads.central.Antena - Antena-1 - Numeros selecionados 76 => 19 - prioridade 3
2021-10-03 15:22:00.708 [Thread-1] INFO  br.ufpa.cbcc.threads.central.Antena - Antena-1 - Tipos selecionados MEDICO => CIVIL - prioridade 3
2021-10-03 15:22:00.712 [Thread-1] INFO  br.ufpa.cbcc.threads.central.Antena - Numero Ocupado! 19
2021-10-03 15:22:00.712 [Thread-1] INFO  br.ufpa.cbcc.threads.central.Antena - Antena-1 - FilaAtual: 
2021-10-03 15:22:00.713 [Thread-1] INFO  br.ufpa.cbcc.threads.central.Antena - 50 => 48(2)
2021-10-03 15:22:00.713 [Thread-1] INFO  br.ufpa.cbcc.threads.central.Antena - Antena-1 - Numeros selecionados 50 => 48 - prioridade 2
2021-10-03 15:22:00.714 [Thread-1] INFO  br.ufpa.cbcc.threads.central.Antena - Antena-1 - Tipos selecionados CIVIL => CIVIL - prioridade 2
2021-10-03 15:22:00.714 [Thread-1] INFO  br.ufpa.cbcc.threads.central.Antena - Antena-1 - Ligacao conectada 50 => 48
2021-10-03 15:22:00.714 [Thread-3] WARN  br.ufpa.cbcc.threads.central.Antena - Antena-1 - Ligacao adicioonada à espera 56 => 35
2021-10-03 15:22:01.205 [Thread-4] WARN  br.ufpa.cbcc.threads.central.Antena - Antena-1 - Ligacao adicioonada à espera 42 => 87
2021-10-03 15:22:01.215 [Thread-3] INFO  br.ufpa.cbcc.threads.central.Antena - Antena-0 - Ligacao conectada 16 => 89
2021-10-03 15:22:01.705 [Thread-4] WARN  br.ufpa.cbcc.threads.central.Antena - Antena-1 - Ligacao adicioonada à espera 1 => 54
2021-10-03 15:22:01.715 [Thread-3] INFO  br.ufpa.cbcc.threads.central.Antena - Antena-2 - Ligacao conectada 15 => 64
2021-10-03 15:22:02.206 [Thread-4] WARN  br.ufpa.cbcc.threads.central.Antena - Antena-0 - Ligacao adicioonada à espera 46 => 2
2021-10-03 15:22:02.215 [Thread-3] INFO  br.ufpa.cbcc.threads.central.Antena - Ligação encerrada: 19 => 28
2021-10-03 15:22:02.216 [Thread-1] INFO  br.ufpa.cbcc.threads.central.Antena - Antena-1 - FilaAtual: 
2021-10-03 15:22:02.216 [Thread-1] INFO  br.ufpa.cbcc.threads.central.Antena - 1 => 54(2)
2021-10-03 15:22:02.216 [Thread-1] INFO  br.ufpa.cbcc.threads.central.Antena - 56 => 35(2)
2021-10-03 15:22:02.216 [Thread-1] INFO  br.ufpa.cbcc.threads.central.Antena - 42 => 87(3)
2021-10-03 15:22:02.216 [Thread-1] INFO  br.ufpa.cbcc.threads.central.Antena - Antena-1 - Numeros selecionados 42 => 87 - prioridade 3
2021-10-03 15:22:02.216 [Thread-1] INFO  br.ufpa.cbcc.threads.central.Antena - Antena-1 - Tipos selecionados CIVIL => MEDICO - prioridade 3
2021-10-03 15:22:02.217 [Thread-1] INFO  br.ufpa.cbcc.threads.central.Antena - O Numero de origem já está em ligação! 42
2021-10-03 15:22:02.219 [Thread-1] INFO  br.ufpa.cbcc.threads.central.Antena - Antena-1 - FilaAtual: 
2021-10-03 15:22:02.220 [Thread-1] INFO  br.ufpa.cbcc.threads.central.Antena - 1 => 54(2)
2021-10-03 15:22:02.221 [Thread-1] INFO  br.ufpa.cbcc.threads.central.Antena - 56 => 35(2)
2021-10-03 15:22:02.221 [Thread-1] INFO  br.ufpa.cbcc.threads.central.Antena - Antena-1 - Numeros selecionados 1 => 54 - prioridade 2
2021-10-03 15:22:02.222 [Thread-1] INFO  br.ufpa.cbcc.threads.central.Antena - Antena-1 - Tipos selecionados CIVIL => CIVIL - prioridade 2
2021-10-03 15:22:02.226 [Thread-1] INFO  br.ufpa.cbcc.threads.central.Antena - Antena-1 - Ligacao conectada 1 => 54
2021-10-03 15:22:02.707 [Thread-4] WARN  br.ufpa.cbcc.threads.central.Antena - Antena-1 - Ligacao adicioonada à espera 11 => 81
2021-10-03 15:22:02.716 [Thread-3] WARN  br.ufpa.cbcc.threads.central.Antena - Antena-0 - Ligacao adicioonada à espera 19 => 26
2021-10-03 15:22:03.208 [Thread-4] INFO  br.ufpa.cbcc.threads.central.Antena - Ligação encerrada: 50 => 48
2021-10-03 15:22:03.208 [Thread-1] INFO  br.ufpa.cbcc.threads.central.Antena - Antena-1 - FilaAtual: 
2021-10-03 15:22:03.208 [Thread-1] INFO  br.ufpa.cbcc.threads.central.Antena - 56 => 35(2)
2021-10-03 15:22:03.208 [Thread-1] INFO  br.ufpa.cbcc.threads.central.Antena - 11 => 81(3)
2021-10-03 15:22:03.208 [Thread-1] INFO  br.ufpa.cbcc.threads.central.Antena - Antena-1 - Numeros selecionados 11 => 81 - prioridade 3
2021-10-03 15:22:03.209 [Thread-1] INFO  br.ufpa.cbcc.threads.central.Antena - Antena-1 - Tipos selecionados CIVIL => MEDICO - prioridade 3
2021-10-03 15:22:03.209 [Thread-1] INFO  br.ufpa.cbcc.threads.central.Antena - Antena-1 - Ligacao conectada 11 => 81
2021-10-03 15:22:03.217 [Thread-3] WARN  br.ufpa.cbcc.threads.central.Antena - Antena-2 - Ligacao adicioonada à espera 27 => 86
2021-10-03 15:22:03.672 [main] ERROR br.ufpa.cbcc.threads.Application - Comando não reconhecido: pauseDiscadores
2021-10-03 15:22:03.708 [Thread-4] INFO  br.ufpa.cbcc.threads.central.Antena - Ligação encerrada: 6 => 42
2021-10-03 15:22:03.708 [Thread-2] INFO  br.ufpa.cbcc.threads.central.Antena - Antena-0 - FilaAtual: 
2021-10-03 15:22:03.710 [Thread-2] INFO  br.ufpa.cbcc.threads.central.Antena - 46 => 2(2)
2021-10-03 15:22:03.712 [Thread-2] INFO  br.ufpa.cbcc.threads.central.Antena - 19 => 26(2)
2021-10-03 15:22:03.713 [Thread-2] INFO  br.ufpa.cbcc.threads.central.Antena - Antena-0 - Numeros selecionados 46 => 2 - prioridade 2
2021-10-03 15:22:03.714 [Thread-2] INFO  br.ufpa.cbcc.threads.central.Antena - Antena-0 - Tipos selecionados CIVIL => CIVIL - prioridade 2
2021-10-03 15:22:03.716 [Thread-2] INFO  br.ufpa.cbcc.threads.central.Antena - Numero Ocupado! 2
2021-10-03 15:22:03.717 [Thread-2] INFO  br.ufpa.cbcc.threads.central.Antena - Antena-0 - FilaAtual: 
2021-10-03 15:22:03.718 [Thread-3] WARN  br.ufpa.cbcc.threads.central.Antena - Antena-2 - Ligacao adicioonada à espera 81 => 99
2021-10-03 15:22:03.718 [Thread-2] INFO  br.ufpa.cbcc.threads.central.Antena - 19 => 26(2)
2021-10-03 15:22:03.722 [Thread-2] INFO  br.ufpa.cbcc.threads.central.Antena - Antena-0 - Numeros selecionados 19 => 26 - prioridade 2
2021-10-03 15:22:03.722 [Thread-2] INFO  br.ufpa.cbcc.threads.central.Antena - Antena-0 - Tipos selecionados CIVIL => CIVIL - prioridade 2
2021-10-03 15:22:03.723 [Thread-2] INFO  br.ufpa.cbcc.threads.central.Antena - Antena-0 - Ligacao conectada 19 => 26
2021-10-03 15:22:04.211 [Thread-4] INFO  br.ufpa.cbcc.threads.central.Antena - Ligação encerrada: 1 => 54
2021-10-03 15:22:04.211 [Thread-1] INFO  br.ufpa.cbcc.threads.central.Antena - Antena-1 - FilaAtual: 
2021-10-03 15:22:04.211 [Thread-1] INFO  br.ufpa.cbcc.threads.central.Antena - 56 => 35(2)
2021-10-03 15:22:04.212 [Thread-1] INFO  br.ufpa.cbcc.threads.central.Antena - Antena-1 - Numeros selecionados 56 => 35 - prioridade 2
2021-10-03 15:22:04.212 [Thread-1] INFO  br.ufpa.cbcc.threads.central.Antena - Antena-1 - Tipos selecionados CIVIL => CIVIL - prioridade 2
2021-10-03 15:22:04.212 [Thread-1] INFO  br.ufpa.cbcc.threads.central.Antena - Antena-1 - Ligacao conectada 56 => 35
2021-10-03 15:22:04.219 [Thread-3] WARN  br.ufpa.cbcc.threads.central.Antena - Antena-2 - Ligacao adicioonada à espera 25 => 75
2021-10-03 15:22:04.711 [Thread-4] WARN  br.ufpa.cbcc.threads.central.Antena - Antena-0 - Ligacao adicioonada à espera 25 => 37
2021-10-03 15:22:05.216 [Thread-4] WARN  br.ufpa.cbcc.threads.central.Antena - Antena-0 - Ligacao adicioonada à espera 57 => 53
2021-10-03 15:22:05.716 [Thread-4] WARN  br.ufpa.cbcc.threads.central.Antena - Antena-1 - Ligacao adicioonada à espera 93 => 56
2021-10-03 15:22:05.720 [Thread-3] WARN  br.ufpa.cbcc.threads.central.Antena - Antena-1 - Ligacao adicioonada à espera 52 => 90
2021-10-03 15:22:06.217 [Thread-4] WARN  br.ufpa.cbcc.threads.central.Antena - Antena-0 - Ligacao adicioonada à espera 48 => 80
2021-10-03 15:22:06.220 [Thread-3] WARN  br.ufpa.cbcc.threads.central.Antena - Antena-0 - Ligacao adicioonada à espera 43 => 82
2021-10-03 15:22:06.718 [Thread-4] WARN  br.ufpa.cbcc.threads.central.Antena - Antena-2 - Ligacao adicioonada à espera 37 => 51
2021-10-03 15:22:06.721 [Thread-0] INFO  br.ufpa.cbcc.threads.central.Antena - Antena-2 - FilaAtual: 
2021-10-03 15:22:06.721 [Thread-3] INFO  br.ufpa.cbcc.threads.central.Antena - Ligação encerrada: 2 => 46
2021-10-03 15:22:06.721 [Thread-0] INFO  br.ufpa.cbcc.threads.central.Antena - 27 => 86(3)
2021-10-03 15:22:06.722 [Thread-0] INFO  br.ufpa.cbcc.threads.central.Antena - 81 => 99(5)
2021-10-03 15:22:06.723 [Thread-0] INFO  br.ufpa.cbcc.threads.central.Antena - 25 => 75(3)
2021-10-03 15:22:06.723 [Thread-0] INFO  br.ufpa.cbcc.threads.central.Antena - 37 => 51(2)
2021-10-03 15:22:06.723 [Thread-0] INFO  br.ufpa.cbcc.threads.central.Antena - Antena-2 - Numeros selecionados 81 => 99 - prioridade 5
2021-10-03 15:22:06.723 [Thread-0] INFO  br.ufpa.cbcc.threads.central.Antena - Antena-2 - Tipos selecionados MEDICO => BOMBEIRO - prioridade 5
2021-10-03 15:22:06.724 [Thread-0] INFO  br.ufpa.cbcc.threads.central.Antena - O Numero de origem já está em ligação! 81
2021-10-03 15:22:06.724 [Thread-0] INFO  br.ufpa.cbcc.threads.central.Antena - Antena-2 - FilaAtual: 
2021-10-03 15:22:06.725 [Thread-0] INFO  br.ufpa.cbcc.threads.central.Antena - 27 => 86(3)
2021-10-03 15:22:06.725 [Thread-0] INFO  br.ufpa.cbcc.threads.central.Antena - 25 => 75(3)
2021-10-03 15:22:06.726 [Thread-0] INFO  br.ufpa.cbcc.threads.central.Antena - 37 => 51(2)
2021-10-03 15:22:06.728 [Thread-0] INFO  br.ufpa.cbcc.threads.central.Antena - Antena-2 - Numeros selecionados 27 => 86 - prioridade 3
2021-10-03 15:22:06.729 [Thread-0] INFO  br.ufpa.cbcc.threads.central.Antena - Antena-2 - Tipos selecionados CIVIL => MEDICO - prioridade 3
2021-10-03 15:22:06.734 [Thread-0] INFO  br.ufpa.cbcc.threads.central.Antena - Antena-2 - Ligacao conectada 27 => 86
2021-10-03 15:22:07.223 [Thread-3] INFO  br.ufpa.cbcc.threads.central.Antena - Ligação encerrada: 56 => 35
2021-10-03 15:22:07.223 [Thread-1] INFO  br.ufpa.cbcc.threads.central.Antena - Antena-1 - FilaAtual: 
2021-10-03 15:22:07.224 [Thread-1] INFO  br.ufpa.cbcc.threads.central.Antena - 52 => 90(4)
2021-10-03 15:22:07.224 [Thread-1] INFO  br.ufpa.cbcc.threads.central.Antena - 93 => 56(4)
2021-10-03 15:22:07.224 [Thread-1] INFO  br.ufpa.cbcc.threads.central.Antena - Antena-1 - Numeros selecionados 52 => 90 - prioridade 4
2021-10-03 15:22:07.224 [Thread-1] INFO  br.ufpa.cbcc.threads.central.Antena - Antena-1 - Tipos selecionados CIVIL => BOMBEIRO - prioridade 4
2021-10-03 15:22:07.224 [Thread-1] INFO  br.ufpa.cbcc.threads.central.Antena - Antena-1 - Ligacao conectada 52 => 90
2021-10-03 15:22:07.718 [Thread-4] INFO  br.ufpa.cbcc.threads.central.Antena - Ligação encerrada: 11 => 81
2021-10-03 15:22:07.718 [Thread-1] INFO  br.ufpa.cbcc.threads.central.Antena - Antena-1 - FilaAtual: 
2021-10-03 15:22:07.719 [Thread-1] INFO  br.ufpa.cbcc.threads.central.Antena - 93 => 56(4)
2021-10-03 15:22:07.719 [Thread-1] INFO  br.ufpa.cbcc.threads.central.Antena - Antena-1 - Numeros selecionados 93 => 56 - prioridade 4
2021-10-03 15:22:07.719 [Thread-1] INFO  br.ufpa.cbcc.threads.central.Antena - Antena-1 - Tipos selecionados BOMBEIRO => CIVIL - prioridade 4
2021-10-03 15:22:07.719 [Thread-1] INFO  br.ufpa.cbcc.threads.central.Antena - Antena-1 - Ligacao conectada 93 => 56
2021-10-03 15:22:07.725 [Thread-3] INFO  br.ufpa.cbcc.threads.central.Antena - Ligação encerrada: 16 => 89
2021-10-03 15:22:07.726 [Thread-2] INFO  br.ufpa.cbcc.threads.central.Antena - Antena-0 - FilaAtual: 
2021-10-03 15:22:07.726 [Thread-2] INFO  br.ufpa.cbcc.threads.central.Antena - 57 => 53(2)
2021-10-03 15:22:07.726 [Thread-2] INFO  br.ufpa.cbcc.threads.central.Antena - 25 => 37(2)
2021-10-03 15:22:07.726 [Thread-2] INFO  br.ufpa.cbcc.threads.central.Antena - 48 => 80(3)
2021-10-03 15:22:07.726 [Thread-2] INFO  br.ufpa.cbcc.threads.central.Antena - 43 => 82(3)
2021-10-03 15:22:07.726 [Thread-2] INFO  br.ufpa.cbcc.threads.central.Antena - Antena-0 - Numeros selecionados 48 => 80 - prioridade 3
2021-10-03 15:22:07.727 [Thread-2] INFO  br.ufpa.cbcc.threads.central.Antena - Antena-0 - Tipos selecionados CIVIL => MEDICO - prioridade 3
2021-10-03 15:22:07.729 [Thread-2] INFO  br.ufpa.cbcc.threads.central.Antena - Antena-0 - Ligacao conectada 48 => 80
2021-10-03 15:22:08.226 [Thread-0] INFO  br.ufpa.cbcc.threads.central.Antena - Antena-2 - FilaAtual: 
2021-10-03 15:22:08.226 [Thread-4] WARN  br.ufpa.cbcc.threads.central.Antena - Antena-0 - Ligacao adicioonada à espera 45 => 65
2021-10-03 15:22:08.226 [Thread-3] INFO  br.ufpa.cbcc.threads.central.Antena - Ligação encerrada: 15 => 64
2021-10-03 15:22:08.228 [Thread-0] INFO  br.ufpa.cbcc.threads.central.Antena - 25 => 75(3)
2021-10-03 15:22:08.229 [Thread-0] INFO  br.ufpa.cbcc.threads.central.Antena - 37 => 51(2)
2021-10-03 15:22:08.230 [Thread-0] INFO  br.ufpa.cbcc.threads.central.Antena - Antena-2 - Numeros selecionados 25 => 75 - prioridade 3
2021-10-03 15:22:08.231 [Thread-0] INFO  br.ufpa.cbcc.threads.central.Antena - Antena-2 - Tipos selecionados CIVIL => MEDICO - prioridade 3
2021-10-03 15:22:08.231 [Thread-0] INFO  br.ufpa.cbcc.threads.central.Antena - Antena-2 - Ligacao conectada 25 => 75
2021-10-03 15:22:08.729 [Thread-0] INFO  br.ufpa.cbcc.threads.central.Antena - Antena-2 - FilaAtual: 
2021-10-03 15:22:08.730 [Thread-0] INFO  br.ufpa.cbcc.threads.central.Antena - 37 => 51(2)
2021-10-03 15:22:08.730 [Thread-0] INFO  br.ufpa.cbcc.threads.central.Antena - Antena-2 - Numeros selecionados 37 => 51 - prioridade 2
2021-10-03 15:22:08.730 [Thread-0] INFO  br.ufpa.cbcc.threads.central.Antena - Antena-2 - Tipos selecionados CIVIL => CIVIL - prioridade 2
2021-10-03 15:22:08.730 [Thread-0] INFO  br.ufpa.cbcc.threads.central.Antena - Antena-2 - Ligacao conectada 37 => 51
2021-10-03 15:22:08.731 [Thread-3] WARN  br.ufpa.cbcc.threads.central.Antena - Antena-2 - Ligacao adicioonada à espera 50 => 57
2021-10-03 15:22:08.731 [Thread-4] INFO  br.ufpa.cbcc.threads.central.Antena - Ligação encerrada: 25 => 75
2021-10-03 15:22:09.231 [Thread-3] WARN  br.ufpa.cbcc.threads.central.Antena - Antena-1 - Ligacao adicioonada à espera 30 => 28
2021-10-03 15:22:09.732 [Thread-3] WARN  br.ufpa.cbcc.threads.central.Antena - Antena-2 - Ligacao adicioonada à espera 88 => 60
2021-10-03 15:22:09.804 [Thread-4] WARN  br.ufpa.cbcc.threads.central.Antena - Antena-0 - Ligacao adicioonada à espera 88 => 76
2021-10-03 15:22:10.232 [Thread-3] INFO  br.ufpa.cbcc.threads.central.Antena - Ligação encerrada: 19 => 26
2021-10-03 15:22:10.232 [Thread-2] INFO  br.ufpa.cbcc.threads.central.Antena - Antena-0 - FilaAtual: 
2021-10-03 15:22:10.233 [Thread-2] INFO  br.ufpa.cbcc.threads.central.Antena - 88 => 76(4)
2021-10-03 15:22:10.233 [Thread-2] INFO  br.ufpa.cbcc.threads.central.Antena - 45 => 65(3)
2021-10-03 15:22:10.233 [Thread-2] INFO  br.ufpa.cbcc.threads.central.Antena - 57 => 53(2)
2021-10-03 15:22:10.233 [Thread-2] INFO  br.ufpa.cbcc.threads.central.Antena - 25 => 37(2)
2021-10-03 15:22:10.233 [Thread-2] INFO  br.ufpa.cbcc.threads.central.Antena - 43 => 82(3)
2021-10-03 15:22:10.233 [Thread-2] INFO  br.ufpa.cbcc.threads.central.Antena - Antena-0 - Numeros selecionados 88 => 76 - prioridade 4
2021-10-03 15:22:10.233 [Thread-2] INFO  br.ufpa.cbcc.threads.central.Antena - Antena-0 - Tipos selecionados MEDICO => MEDICO - prioridade 4
2021-10-03 15:22:10.233 [Thread-2] INFO  br.ufpa.cbcc.threads.central.Antena - Antena-0 - Ligacao conectada 88 => 76
2021-10-03 15:22:10.304 [Thread-4] WARN  br.ufpa.cbcc.threads.central.Antena - Antena-2 - Ligacao adicioonada à espera 31 => 79
2021-10-03 15:22:10.756 [Thread-3] WARN  br.ufpa.cbcc.threads.central.Antena - Antena-0 - Ligacao adicioonada à espera 22 => 43
2021-10-03 15:22:10.805 [Thread-4] WARN  br.ufpa.cbcc.threads.central.Antena - Antena-0 - Ligacao adicioonada à espera 92 => 7
2021-10-03 15:22:11.256 [Thread-3] WARN  br.ufpa.cbcc.threads.central.Antena - Antena-1 - Ligacao adicioonada à espera 95 => 17
2021-10-03 15:22:11.307 [Thread-4] WARN  br.ufpa.cbcc.threads.central.Antena - Antena-2 - Ligacao adicioonada à espera 31 => 24
2021-10-03 15:22:11.807 [Thread-4] WARN  br.ufpa.cbcc.threads.central.Antena - Antena-0 - Ligacao adicioonada à espera 56 => 37
2021-10-03 15:22:11.896 [Thread-3] WARN  br.ufpa.cbcc.threads.central.Antena - Antena-1 - Ligacao adicioonada à espera 26 => 3
2021-10-03 15:22:12.309 [Thread-4] WARN  br.ufpa.cbcc.threads.central.Antena - Antena-1 - Ligacao adicioonada à espera 33 => 56
2021-10-03 15:22:12.397 [Thread-3] WARN  br.ufpa.cbcc.threads.central.Antena - Antena-0 - Ligacao adicioonada à espera 99 => 72
2021-10-03 15:22:12.810 [Thread-4] WARN  br.ufpa.cbcc.threads.central.Antena - Antena-0 - Ligacao adicioonada à espera 72 => 85
2021-10-03 15:22:12.898 [Thread-3] INFO  br.ufpa.cbcc.threads.central.Antena - Ligação encerrada: 27 => 86
2021-10-03 15:22:12.907 [Thread-0] INFO  br.ufpa.cbcc.threads.central.Antena - Antena-2 - FilaAtual: 
2021-10-03 15:22:12.907 [Thread-0] INFO  br.ufpa.cbcc.threads.central.Antena - 88 => 60(4)
2021-10-03 15:22:12.908 [Thread-0] INFO  br.ufpa.cbcc.threads.central.Antena - 31 => 24(2)
2021-10-03 15:22:12.908 [Thread-0] INFO  br.ufpa.cbcc.threads.central.Antena - 50 => 57(2)
2021-10-03 15:22:12.908 [Thread-0] INFO  br.ufpa.cbcc.threads.central.Antena - Antena-2 - Numeros selecionados 88 => 60 - prioridade 4
2021-10-03 15:22:12.908 [Thread-0] INFO  br.ufpa.cbcc.threads.central.Antena - Antena-2 - Tipos selecionados MEDICO => MEDICO - prioridade 4
2021-10-03 15:22:12.908 [Thread-0] INFO  br.ufpa.cbcc.threads.central.Antena - O Numero de origem já está em ligação! 88
2021-10-03 15:22:12.908 [Thread-0] INFO  br.ufpa.cbcc.threads.central.Antena - Antena-2 - FilaAtual: 
2021-10-03 15:22:12.909 [Thread-0] INFO  br.ufpa.cbcc.threads.central.Antena - 31 => 24(2)
2021-10-03 15:22:12.909 [Thread-0] INFO  br.ufpa.cbcc.threads.central.Antena - 50 => 57(2)
2021-10-03 15:22:12.909 [Thread-0] INFO  br.ufpa.cbcc.threads.central.Antena - Antena-2 - Numeros selecionados 31 => 24 - prioridade 2
2021-10-03 15:22:12.909 [Thread-0] INFO  br.ufpa.cbcc.threads.central.Antena - Antena-2 - Tipos selecionados CIVIL => CIVIL - prioridade 2
2021-10-03 15:22:12.910 [Thread-0] INFO  br.ufpa.cbcc.threads.central.Antena - Antena-2 - Ligacao conectada 31 => 24
2021-10-03 15:22:18.910 [Thread-4] INFO  br.ufpa.cbcc.threads.central.Antena - Ligação encerrada: 93 => 56
2021-10-03 15:22:18.910 [Thread-1] INFO  br.ufpa.cbcc.threads.central.Antena - Antena-1 - FilaAtual: 
2021-10-03 15:22:18.912 [Thread-1] INFO  br.ufpa.cbcc.threads.central.Antena - 95 => 17(4)
2021-10-03 15:22:18.912 [Thread-1] INFO  br.ufpa.cbcc.threads.central.Antena - 30 => 28(2)
2021-10-03 15:22:18.912 [Thread-1] INFO  br.ufpa.cbcc.threads.central.Antena - 33 => 56(2)
2021-10-03 15:22:18.913 [Thread-1] INFO  br.ufpa.cbcc.threads.central.Antena - 26 => 3(2)
2021-10-03 15:22:18.913 [Thread-1] INFO  br.ufpa.cbcc.threads.central.Antena - Antena-1 - Numeros selecionados 95 => 17 - prioridade 4
2021-10-03 15:22:18.913 [Thread-1] INFO  br.ufpa.cbcc.threads.central.Antena - Antena-1 - Tipos selecionados BOMBEIRO => CIVIL - prioridade 4
2021-10-03 15:22:18.913 [Thread-1] INFO  br.ufpa.cbcc.threads.central.Antena - Antena-1 - Ligacao conectada 95 => 17
2021-10-03 15:22:18.913 [Thread-3] WARN  br.ufpa.cbcc.threads.central.Antena - Antena-1 - Ligacao adicioonada à espera 22 => 19
2021-10-03 15:22:19.411 [Thread-4] WARN  br.ufpa.cbcc.threads.central.Antena - Antena-0 - Ligacao adicioonada à espera 92 => 0
2021-10-03 15:22:19.414 [Thread-3] WARN  br.ufpa.cbcc.threads.central.Antena - Antena-2 - Ligacao adicioonada à espera 56 => 94
2021-10-03 15:22:19.912 [Thread-4] INFO  br.ufpa.cbcc.threads.central.Antena - Ligação encerrada: 48 => 80
2021-10-03 15:22:19.912 [Thread-2] INFO  br.ufpa.cbcc.threads.central.Antena - Antena-0 - FilaAtual: 
2021-10-03 15:22:19.913 [Thread-2] INFO  br.ufpa.cbcc.threads.central.Antena - 92 => 0(4)
2021-10-03 15:22:19.913 [Thread-2] INFO  br.ufpa.cbcc.threads.central.Antena - 72 => 85(4)
2021-10-03 15:22:19.913 [Thread-2] INFO  br.ufpa.cbcc.threads.central.Antena - 45 => 65(3)
2021-10-03 15:22:19.913 [Thread-2] INFO  br.ufpa.cbcc.threads.central.Antena - 56 => 37(2)
2021-10-03 15:22:19.913 [Thread-2] INFO  br.ufpa.cbcc.threads.central.Antena - 57 => 53(2)
2021-10-03 15:22:19.913 [Thread-2] INFO  br.ufpa.cbcc.threads.central.Antena - 99 => 72(5)
2021-10-03 15:22:19.913 [Thread-2] INFO  br.ufpa.cbcc.threads.central.Antena - 22 => 43(2)
2021-10-03 15:22:19.914 [Thread-2] INFO  br.ufpa.cbcc.threads.central.Antena - 25 => 37(2)
2021-10-03 15:22:19.914 [Thread-2] INFO  br.ufpa.cbcc.threads.central.Antena - 43 => 82(3)
2021-10-03 15:22:19.914 [Thread-2] INFO  br.ufpa.cbcc.threads.central.Antena - Antena-0 - Numeros selecionados 99 => 72 - prioridade 5
2021-10-03 15:22:19.914 [Thread-2] INFO  br.ufpa.cbcc.threads.central.Antena - Antena-0 - Tipos selecionados BOMBEIRO => MEDICO - prioridade 5
2021-10-03 15:22:19.914 [Thread-2] INFO  br.ufpa.cbcc.threads.central.Antena - Antena-0 - Ligacao conectada 99 => 72
2021-10-03 15:22:20.412 [Thread-4] INFO  br.ufpa.cbcc.threads.central.Antena - Ligação encerrada: 37 => 51
2021-10-03 15:22:20.412 [Thread-0] INFO  br.ufpa.cbcc.threads.central.Antena - Antena-2 - FilaAtual: 
2021-10-03 15:22:20.414 [Thread-0] INFO  br.ufpa.cbcc.threads.central.Antena - 56 => 94(4)
2021-10-03 15:22:20.415 [Thread-0] INFO  br.ufpa.cbcc.threads.central.Antena - 50 => 57(2)
2021-10-03 15:22:20.415 [Thread-0] INFO  br.ufpa.cbcc.threads.central.Antena - Antena-2 - Numeros selecionados 56 => 94 - prioridade 4
2021-10-03 15:22:20.415 [Thread-0] INFO  br.ufpa.cbcc.threads.central.Antena - Antena-2 - Tipos selecionados CIVIL => BOMBEIRO - prioridade 4
2021-10-03 15:22:20.415 [Thread-0] INFO  br.ufpa.cbcc.threads.central.Antena - Antena-2 - Ligacao conectada 56 => 94
2021-10-03 15:22:20.421 [Thread-3] WARN  br.ufpa.cbcc.threads.central.Antena - Antena-2 - Ligacao adicioonada à espera 18 => 70
2021-10-03 15:22:20.913 [Thread-4] WARN  br.ufpa.cbcc.threads.central.Antena - Antena-0 - Ligacao adicioonada à espera 25 => 13
2021-10-03 15:22:20.972 [Thread-3] WARN  br.ufpa.cbcc.threads.central.Antena - Antena-2 - Ligacao adicioonada à espera 92 => 34
2021-10-03 15:22:21.916 [Thread-4] WARN  br.ufpa.cbcc.threads.central.Antena - Antena-2 - Ligacao adicioonada à espera 75 => 86
2021-10-03 15:22:21.972 [Thread-3] WARN  br.ufpa.cbcc.threads.central.Antena - Antena-0 - Ligacao adicioonada à espera 87 => 39
2021-10-03 15:22:22.454 [Thread-4] WARN  br.ufpa.cbcc.threads.central.Antena - Antena-1 - Ligacao adicioonada à espera 10 => 40
2021-10-03 15:22:22.473 [Thread-3] WARN  br.ufpa.cbcc.threads.central.Antena - Antena-1 - Ligacao adicioonada à espera 38 => 10
2021-10-03 15:22:22.954 [Thread-4] WARN  br.ufpa.cbcc.threads.central.Antena - Antena-1 - Ligacao adicioonada à espera 73 => 63
2021-10-03 15:22:22.973 [Thread-3] WARN  br.ufpa.cbcc.threads.central.Antena - Antena-0 - Ligacao adicioonada à espera 13 => 38
2021-10-03 15:22:23.455 [Thread-4] WARN  br.ufpa.cbcc.threads.central.Antena - Antena-2 - Ligacao adicioonada à espera 11 => 93
2021-10-03 15:22:23.476 [Thread-3] WARN  br.ufpa.cbcc.threads.central.Antena - Antena-0 - Ligacao adicioonada à espera 55 => 7
2021-10-03 15:22:23.956 [Thread-4] WARN  br.ufpa.cbcc.threads.central.Antena - Antena-2 - Ligacao adicioonada à espera 92 => 46
2021-10-03 15:22:23.978 [Thread-3] INFO  br.ufpa.cbcc.threads.central.Antena - Ligação encerrada: 52 => 90
2021-10-03 15:22:23.978 [Thread-1] INFO  br.ufpa.cbcc.threads.central.Antena - Antena-1 - FilaAtual: 
2021-10-03 15:22:23.978 [Thread-1] INFO  br.ufpa.cbcc.threads.central.Antena - 38 => 10(2)
2021-10-03 15:22:23.979 [Thread-1] INFO  br.ufpa.cbcc.threads.central.Antena - 73 => 63(4)
2021-10-03 15:22:23.979 [Thread-1] INFO  br.ufpa.cbcc.threads.central.Antena - 10 => 40(2)
2021-10-03 15:22:23.979 [Thread-1] INFO  br.ufpa.cbcc.threads.central.Antena - 30 => 28(2)
2021-10-03 15:22:23.980 [Thread-1] INFO  br.ufpa.cbcc.threads.central.Antena - 22 => 19(2)
2021-10-03 15:22:23.980 [Thread-1] INFO  br.ufpa.cbcc.threads.central.Antena - 33 => 56(2)
2021-10-03 15:22:23.980 [Thread-1] INFO  br.ufpa.cbcc.threads.central.Antena - 26 => 3(2)
2021-10-03 15:22:23.980 [Thread-1] INFO  br.ufpa.cbcc.threads.central.Antena - Antena-1 - Numeros selecionados 73 => 63 - prioridade 4
2021-10-03 15:22:23.980 [Thread-1] INFO  br.ufpa.cbcc.threads.central.Antena - Antena-1 - Tipos selecionados MEDICO => MEDICO - prioridade 4
2021-10-03 15:22:23.981 [Thread-1] INFO  br.ufpa.cbcc.threads.central.Antena - Antena-1 - Ligacao conectada 73 => 63
2021-10-03 15:22:24.463 [Thread-4] WARN  br.ufpa.cbcc.threads.central.Antena - Antena-2 - Ligacao adicioonada à espera 16 => 71
2021-10-03 15:22:24.478 [Thread-3] WARN  br.ufpa.cbcc.threads.central.Antena - Antena-2 - Ligacao adicioonada à espera 41 => 64
2021-10-03 15:22:24.963 [Thread-4] INFO  br.ufpa.cbcc.threads.central.Antena - Ligação encerrada: 88 => 76
2021-10-03 15:22:24.963 [Thread-2] INFO  br.ufpa.cbcc.threads.central.Antena - Antena-0 - FilaAtual: 
2021-10-03 15:22:24.964 [Thread-2] INFO  br.ufpa.cbcc.threads.central.Antena - 92 => 0(4)
2021-10-03 15:22:24.964 [Thread-2] INFO  br.ufpa.cbcc.threads.central.Antena - 72 => 85(4)
2021-10-03 15:22:24.964 [Thread-2] INFO  br.ufpa.cbcc.threads.central.Antena - 13 => 38(2)
2021-10-03 15:22:24.964 [Thread-2] INFO  br.ufpa.cbcc.threads.central.Antena - 45 => 65(3)
2021-10-03 15:22:24.964 [Thread-2] INFO  br.ufpa.cbcc.threads.central.Antena - 56 => 37(2)
2021-10-03 15:22:24.964 [Thread-2] INFO  br.ufpa.cbcc.threads.central.Antena - 55 => 7(2)
2021-10-03 15:22:24.965 [Thread-2] INFO  br.ufpa.cbcc.threads.central.Antena - 57 => 53(2)
2021-10-03 15:22:24.965 [Thread-2] INFO  br.ufpa.cbcc.threads.central.Antena - 22 => 43(2)
2021-10-03 15:22:24.965 [Thread-2] INFO  br.ufpa.cbcc.threads.central.Antena - 25 => 13(2)
2021-10-03 15:22:24.972 [Thread-2] INFO  br.ufpa.cbcc.threads.central.Antena - 87 => 39(3)
2021-10-03 15:22:24.972 [Thread-2] INFO  br.ufpa.cbcc.threads.central.Antena - 43 => 82(3)
2021-10-03 15:22:24.972 [Thread-2] INFO  br.ufpa.cbcc.threads.central.Antena - Antena-0 - Numeros selecionados 92 => 0 - prioridade 4
2021-10-03 15:22:24.972 [Thread-2] INFO  br.ufpa.cbcc.threads.central.Antena - Antena-0 - Tipos selecionados BOMBEIRO => CIVIL - prioridade 4
2021-10-03 15:22:24.972 [Thread-2] INFO  br.ufpa.cbcc.threads.central.Antena - Antena-0 - Ligacao conectada 92 => 0
2021-10-03 15:22:24.982 [Thread-3] WARN  br.ufpa.cbcc.threads.central.Antena - Antena-1 - Ligacao adicioonada à espera 98 => 4
2021-10-03 15:22:25.479 [Thread-4] WARN  br.ufpa.cbcc.threads.central.Antena - Antena-0 - Ligacao adicioonada à espera 84 => 22
2021-10-03 15:22:25.483 [Thread-3] WARN  br.ufpa.cbcc.threads.central.Antena - Antena-1 - Ligacao adicioonada à espera 83 => 15
2021-10-03 15:22:25.979 [Thread-4] INFO  br.ufpa.cbcc.threads.central.Antena - Ligação encerrada: 31 => 24
2021-10-03 15:22:25.979 [Thread-0] INFO  br.ufpa.cbcc.threads.central.Antena - Antena-2 - FilaAtual: 
2021-10-03 15:22:25.980 [Thread-0] INFO  br.ufpa.cbcc.threads.central.Antena - 92 => 46(4)
2021-10-03 15:22:25.980 [Thread-0] INFO  br.ufpa.cbcc.threads.central.Antena - 18 => 70(3)
2021-10-03 15:22:25.980 [Thread-0] INFO  br.ufpa.cbcc.threads.central.Antena - 75 => 86(4)
2021-10-03 15:22:25.983 [Thread-0] INFO  br.ufpa.cbcc.threads.central.Antena - 16 => 71(3)
2021-10-03 15:22:25.994 [Thread-0] INFO  br.ufpa.cbcc.threads.central.Antena - 50 => 57(2)
2021-10-03 15:22:26.001 [Thread-0] INFO  br.ufpa.cbcc.threads.central.Antena - 11 => 93(4)
2021-10-03 15:22:26.004 [Thread-0] INFO  br.ufpa.cbcc.threads.central.Antena - 41 => 64(3)
2021-10-03 15:22:26.010 [Thread-0] INFO  br.ufpa.cbcc.threads.central.Antena - Antena-2 - Numeros selecionados 92 => 46 - prioridade 4
2021-10-03 15:22:26.010 [Thread-0] INFO  br.ufpa.cbcc.threads.central.Antena - Antena-2 - Tipos selecionados BOMBEIRO => CIVIL - prioridade 4
2021-10-03 15:22:26.010 [Thread-0] INFO  br.ufpa.cbcc.threads.central.Antena - O Numero de origem já está em ligação! 92
2021-10-03 15:22:26.010 [Thread-0] INFO  br.ufpa.cbcc.threads.central.Antena - Antena-2 - FilaAtual: 
2021-10-03 15:22:26.011 [Thread-0] INFO  br.ufpa.cbcc.threads.central.Antena - 18 => 70(3)
2021-10-03 15:22:26.011 [Thread-0] INFO  br.ufpa.cbcc.threads.central.Antena - 75 => 86(4)
2021-10-03 15:22:26.011 [Thread-0] INFO  br.ufpa.cbcc.threads.central.Antena - 16 => 71(3)
2021-10-03 15:22:26.011 [Thread-0] INFO  br.ufpa.cbcc.threads.central.Antena - 50 => 57(2)
2021-10-03 15:22:26.011 [Thread-0] INFO  br.ufpa.cbcc.threads.central.Antena - 11 => 93(4)
2021-10-03 15:22:26.011 [Thread-0] INFO  br.ufpa.cbcc.threads.central.Antena - 41 => 64(3)
2021-10-03 15:22:26.011 [Thread-0] INFO  br.ufpa.cbcc.threads.central.Antena - Antena-2 - Numeros selecionados 75 => 86 - prioridade 4
2021-10-03 15:22:26.012 [Thread-0] INFO  br.ufpa.cbcc.threads.central.Antena - Antena-2 - Tipos selecionados MEDICO => MEDICO - prioridade 4
2021-10-03 15:22:26.017 [Thread-0] INFO  br.ufpa.cbcc.threads.central.Antena - Antena-2 - Ligacao conectada 75 => 86
2021-10-03 15:22:26.021 [Thread-3] WARN  br.ufpa.cbcc.threads.central.Antena - Antena-2 - Ligacao adicioonada à espera 6 => 91
2021-10-03 15:22:26.521 [Thread-3] WARN  br.ufpa.cbcc.threads.central.Antena - Antena-1 - Ligacao adicioonada à espera 68 => 19
2021-10-03 15:22:26.572 [Thread-4] WARN  br.ufpa.cbcc.threads.central.Antena - Antena-0 - Ligacao adicioonada à espera 16 => 83
2021-10-03 15:22:27.021 [Thread-3] WARN  br.ufpa.cbcc.threads.central.Antena - Antena-2 - Ligacao adicioonada à espera 69 => 98
2021-10-03 15:22:27.072 [Thread-4] WARN  br.ufpa.cbcc.threads.central.Antena - Antena-1 - Ligacao adicioonada à espera 78 => 20
2021-10-03 15:22:27.522 [Thread-3] WARN  br.ufpa.cbcc.threads.central.Antena - Antena-2 - Ligacao adicioonada à espera 9 => 92
2021-10-03 15:22:27.573 [Thread-2] INFO  br.ufpa.cbcc.threads.central.Antena - Antena-0 - FilaAtual: 
2021-10-03 15:22:27.573 [Thread-2] INFO  br.ufpa.cbcc.threads.central.Antena - 87 => 39(3)
2021-10-03 15:22:27.573 [Thread-2] INFO  br.ufpa.cbcc.threads.central.Antena - 72 => 85(4)
2021-10-03 15:22:27.573 [Thread-2] INFO  br.ufpa.cbcc.threads.central.Antena - 13 => 38(2)
2021-10-03 15:22:27.573 [Thread-4] INFO  br.ufpa.cbcc.threads.central.Antena - Ligação encerrada: 92 => 0
2021-10-03 15:22:27.573 [Thread-2] INFO  br.ufpa.cbcc.threads.central.Antena - 45 => 65(3)
2021-10-03 15:22:27.580 [Thread-2] INFO  br.ufpa.cbcc.threads.central.Antena - 56 => 37(2)
2021-10-03 15:22:27.580 [Thread-2] INFO  br.ufpa.cbcc.threads.central.Antena - 55 => 7(2)
2021-10-03 15:22:27.581 [Thread-2] INFO  br.ufpa.cbcc.threads.central.Antena - 57 => 53(2)
2021-10-03 15:22:27.581 [Thread-2] INFO  br.ufpa.cbcc.threads.central.Antena - 16 => 83(3)
2021-10-03 15:22:27.581 [Thread-2] INFO  br.ufpa.cbcc.threads.central.Antena - 22 => 43(2)
2021-10-03 15:22:27.581 [Thread-2] INFO  br.ufpa.cbcc.threads.central.Antena - 25 => 13(2)
2021-10-03 15:22:27.581 [Thread-2] INFO  br.ufpa.cbcc.threads.central.Antena - 84 => 22(3)
2021-10-03 15:22:27.581 [Thread-2] INFO  br.ufpa.cbcc.threads.central.Antena - 43 => 82(3)
2021-10-03 15:22:27.581 [Thread-2] INFO  br.ufpa.cbcc.threads.central.Antena - Antena-0 - Numeros selecionados 72 => 85 - prioridade 4
2021-10-03 15:22:27.581 [Thread-2] INFO  br.ufpa.cbcc.threads.central.Antena - Antena-0 - Tipos selecionados MEDICO => MEDICO - prioridade 4
2021-10-03 15:22:27.581 [Thread-2] INFO  br.ufpa.cbcc.threads.central.Antena - O Numero de origem já está em ligação! 72
2021-10-03 15:22:27.582 [Thread-2] INFO  br.ufpa.cbcc.threads.central.Antena - Antena-0 - FilaAtual: 
2021-10-03 15:22:27.582 [Thread-2] INFO  br.ufpa.cbcc.threads.central.Antena - 87 => 39(3)
2021-10-03 15:22:27.582 [Thread-2] INFO  br.ufpa.cbcc.threads.central.Antena - 13 => 38(2)
2021-10-03 15:22:27.582 [Thread-2] INFO  br.ufpa.cbcc.threads.central.Antena - 45 => 65(3)
2021-10-03 15:22:27.582 [Thread-2] INFO  br.ufpa.cbcc.threads.central.Antena - 56 => 37(2)
2021-10-03 15:22:27.582 [Thread-2] INFO  br.ufpa.cbcc.threads.central.Antena - 55 => 7(2)
2021-10-03 15:22:27.582 [Thread-2] INFO  br.ufpa.cbcc.threads.central.Antena - 57 => 53(2)
2021-10-03 15:22:27.582 [Thread-2] INFO  br.ufpa.cbcc.threads.central.Antena - 16 => 83(3)
2021-10-03 15:22:27.583 [Thread-2] INFO  br.ufpa.cbcc.threads.central.Antena - 22 => 43(2)
2021-10-03 15:22:27.583 [Thread-2] INFO  br.ufpa.cbcc.threads.central.Antena - 25 => 13(2)
2021-10-03 15:22:27.583 [Thread-2] INFO  br.ufpa.cbcc.threads.central.Antena - 84 => 22(3)
2021-10-03 15:22:27.583 [Thread-2] INFO  br.ufpa.cbcc.threads.central.Antena - 43 => 82(3)
2021-10-03 15:22:27.583 [Thread-2] INFO  br.ufpa.cbcc.threads.central.Antena - Antena-0 - Numeros selecionados 87 => 39 - prioridade 3
2021-10-03 15:22:27.583 [Thread-2] INFO  br.ufpa.cbcc.threads.central.Antena - Antena-0 - Tipos selecionados MEDICO => CIVIL - prioridade 3
2021-10-03 15:22:27.583 [Thread-2] INFO  br.ufpa.cbcc.threads.central.Antena - Antena-0 - Ligacao conectada 87 => 39
2021-10-03 15:22:28.073 [Thread-4] WARN  br.ufpa.cbcc.threads.central.Antena - Antena-1 - Ligacao adicioonada à espera 18 => 68
2021-10-03 15:22:28.524 [Thread-3] WARN  br.ufpa.cbcc.threads.central.Antena - Antena-0 - Ligacao adicioonada à espera 67 => 7
2021-10-03 15:22:29.025 [Thread-3] WARN  br.ufpa.cbcc.threads.central.Antena - Antena-1 - Ligacao adicioonada à espera 86 => 74
2021-10-03 15:22:29.074 [Thread-4] WARN  br.ufpa.cbcc.threads.central.Antena - Antena-0 - Ligacao adicioonada à espera 40 => 0
2021-10-03 15:22:29.532 [Thread-3] WARN  br.ufpa.cbcc.threads.central.Antena - Antena-0 - Ligacao adicioonada à espera 63 => 72
2021-10-03 15:22:29.574 [Thread-4] INFO  br.ufpa.cbcc.threads.central.Antena - Ligação encerrada: 56 => 94
2021-10-03 15:22:29.574 [Thread-0] INFO  br.ufpa.cbcc.threads.central.Antena - Antena-2 - FilaAtual: 
2021-10-03 15:22:29.575 [Thread-0] INFO  br.ufpa.cbcc.threads.central.Antena - 18 => 70(3)
2021-10-03 15:22:29.575 [Thread-0] INFO  br.ufpa.cbcc.threads.central.Antena - 16 => 71(3)
2021-10-03 15:22:29.575 [Thread-0] INFO  br.ufpa.cbcc.threads.central.Antena - 6 => 91(4)
2021-10-03 15:22:29.575 [Thread-0] INFO  br.ufpa.cbcc.threads.central.Antena - 50 => 57(2)
2021-10-03 15:22:29.575 [Thread-0] INFO  br.ufpa.cbcc.threads.central.Antena - 11 => 93(4)
2021-10-03 15:22:29.575 [Thread-0] INFO  br.ufpa.cbcc.threads.central.Antena - 41 => 64(3)
2021-10-03 15:22:29.575 [Thread-0] INFO  br.ufpa.cbcc.threads.central.Antena - 69 => 98(5)
2021-10-03 15:22:29.575 [Thread-0] INFO  br.ufpa.cbcc.threads.central.Antena - 9 => 92(4)
2021-10-03 15:22:29.575 [Thread-0] INFO  br.ufpa.cbcc.threads.central.Antena - Antena-2 - Numeros selecionados 69 => 98 - prioridade 5
2021-10-03 15:22:29.575 [Thread-0] INFO  br.ufpa.cbcc.threads.central.Antena - Antena-2 - Tipos selecionados MEDICO => BOMBEIRO - prioridade 5
2021-10-03 15:22:29.576 [Thread-0] INFO  br.ufpa.cbcc.threads.central.Antena - Antena-2 - Ligacao conectada 69 => 98
2021-10-03 15:22:30.033 [Thread-3] WARN  br.ufpa.cbcc.threads.central.Antena - Antena-1 - Ligacao adicioonada à espera 54 => 23
2021-10-03 15:22:30.134 [Thread-4] WARN  br.ufpa.cbcc.threads.central.Antena - Antena-0 - Ligacao adicioonada à espera 32 => 89
2021-10-03 15:22:30.638 [Thread-4] WARN  br.ufpa.cbcc.threads.central.Antena - Antena-2 - Ligacao adicioonada à espera 6 => 30
2021-10-03 15:22:31.034 [Thread-3] WARN  br.ufpa.cbcc.threads.central.Antena - Antena-2 - Ligacao adicioonada à espera 42 => 79
2021-10-03 15:22:31.139 [Thread-4] WARN  br.ufpa.cbcc.threads.central.Antena - Antena-1 - Ligacao adicioonada à espera 53 => 15
2021-10-03 15:22:31.535 [Thread-3] WARN  br.ufpa.cbcc.threads.central.Antena - Antena-1 - Ligacao adicioonada à espera 73 => 31
2021-10-03 15:22:31.641 [Thread-4] WARN  br.ufpa.cbcc.threads.central.Antena - Antena-1 - Ligacao adicioonada à espera 58 => 84
2021-10-03 15:22:34.847 [Thread-0] INFO  br.ufpa.cbcc.threads.central.Antena - Antena-2: Status: Total de ligacoes conectadas: 2
Total de ligacoes em espera: 8
Lista em curso: 
75(Antena-2) => 86(Antena-2)
69(Antena-0) => 98(Antena-2)

2021-10-03 15:22:38.884 [Thread-0] INFO  br.ufpa.cbcc.threads.central.Antena - Ligações em espera
2021-10-03 15:22:38.886 [Thread-0] INFO  br.ufpa.cbcc.threads.central.Antena - 18 => 70 (3)
2021-10-03 15:22:38.887 [Thread-0] INFO  br.ufpa.cbcc.threads.central.Antena - 16 => 71 (3)
2021-10-03 15:22:38.887 [Thread-0] INFO  br.ufpa.cbcc.threads.central.Antena - 6 => 30 (2)
2021-10-03 15:22:38.887 [Thread-0] INFO  br.ufpa.cbcc.threads.central.Antena - 42 => 79 (3)
2021-10-03 15:22:38.888 [Thread-0] INFO  br.ufpa.cbcc.threads.central.Antena - 50 => 57 (2)
2021-10-03 15:22:38.888 [Thread-0] INFO  br.ufpa.cbcc.threads.central.Antena - 11 => 93 (4)
2021-10-03 15:22:38.889 [Thread-0] INFO  br.ufpa.cbcc.threads.central.Antena - 41 => 64 (3)
2021-10-03 15:22:38.889 [Thread-0] INFO  br.ufpa.cbcc.threads.central.Antena - 9 => 92 (4)
2021-10-03 15:22:44.043 [Thread-1] INFO  br.ufpa.cbcc.threads.central.Antena - Antena-1: Status: Total de ligacoes conectadas: 2
Total de ligacoes em espera: 16
Lista em curso: 
73(Antena-2) => 63(Antena-1)
95(Antena-2) => 17(Antena-1)

2021-10-03 15:22:49.799 [Thread-0] INFO  br.ufpa.cbcc.threads.central.Antena - Ligações em espera
2021-10-03 15:22:49.800 [Thread-0] INFO  br.ufpa.cbcc.threads.central.Antena - 18 => 70 (3)
2021-10-03 15:22:49.800 [Thread-0] INFO  br.ufpa.cbcc.threads.central.Antena - 16 => 71 (3)
2021-10-03 15:22:49.800 [Thread-0] INFO  br.ufpa.cbcc.threads.central.Antena - 6 => 30 (2)
2021-10-03 15:22:49.800 [Thread-0] INFO  br.ufpa.cbcc.threads.central.Antena - 42 => 79 (3)
2021-10-03 15:22:49.800 [Thread-0] INFO  br.ufpa.cbcc.threads.central.Antena - 50 => 57 (2)
2021-10-03 15:22:49.800 [Thread-0] INFO  br.ufpa.cbcc.threads.central.Antena - 11 => 93 (4)
2021-10-03 15:22:49.800 [Thread-0] INFO  br.ufpa.cbcc.threads.central.Antena - 41 => 64 (3)
2021-10-03 15:22:49.800 [Thread-0] INFO  br.ufpa.cbcc.threads.central.Antena - 9 => 92 (4)
2021-10-03 15:23:18.142 [Thread-0] INFO  br.ufpa.cbcc.threads.central.Antena - Antena-2: Status: Total de ligacoes conectadas: 2
Total de ligacoes em espera: 8
Lista em curso: 
75(Antena-2) => 86(Antena-2)
69(Antena-0) => 98(Antena-2)

2021-10-03 15:23:32.782 [Thread-0] INFO  br.ufpa.cbcc.threads.central.Antena - Antena-2: Status: Total de ligacoes conectadas: 2
Total de ligacoes em espera: 8
Lista em curso: 
75(Antena-2) => 86(Antena-2)
69(Antena-0) => 98(Antena-2)

2021-10-03 15:23:37.240 [Thread-0] INFO  br.ufpa.cbcc.threads.central.Antena - Ligações em espera
2021-10-03 15:23:37.241 [Thread-0] INFO  br.ufpa.cbcc.threads.central.Antena - 18 => 70 (3)
2021-10-03 15:23:37.241 [Thread-0] INFO  br.ufpa.cbcc.threads.central.Antena - 16 => 71 (3)
2021-10-03 15:23:37.242 [Thread-0] INFO  br.ufpa.cbcc.threads.central.Antena - 6 => 30 (2)
2021-10-03 15:23:37.242 [Thread-0] INFO  br.ufpa.cbcc.threads.central.Antena - 42 => 79 (3)
2021-10-03 15:23:37.242 [Thread-0] INFO  br.ufpa.cbcc.threads.central.Antena - 50 => 57 (2)
2021-10-03 15:23:37.242 [Thread-0] INFO  br.ufpa.cbcc.threads.central.Antena - 11 => 93 (4)
2021-10-03 15:23:37.242 [Thread-0] INFO  br.ufpa.cbcc.threads.central.Antena - 41 => 64 (3)
2021-10-03 15:23:37.242 [Thread-0] INFO  br.ufpa.cbcc.threads.central.Antena - 9 => 92 (4)
2021-10-03 15:23:46.303 [main] INFO  br.ufpa.cbcc.threads.central.Antena - Ligação encerrada: 75 => 86
2021-10-03 15:23:46.304 [Thread-0] INFO  br.ufpa.cbcc.threads.central.Antena - Antena-2 - FilaAtual: 
2021-10-03 15:23:46.304 [Thread-0] INFO  br.ufpa.cbcc.threads.central.Antena - 18 => 70(3)
2021-10-03 15:23:46.304 [Thread-0] INFO  br.ufpa.cbcc.threads.central.Antena - 16 => 71(3)
2021-10-03 15:23:46.304 [Thread-0] INFO  br.ufpa.cbcc.threads.central.Antena - 6 => 30(2)
2021-10-03 15:23:46.304 [Thread-0] INFO  br.ufpa.cbcc.threads.central.Antena - 42 => 79(3)
2021-10-03 15:23:46.304 [Thread-0] INFO  br.ufpa.cbcc.threads.central.Antena - 50 => 57(2)
2021-10-03 15:23:46.304 [Thread-0] INFO  br.ufpa.cbcc.threads.central.Antena - 11 => 93(4)
2021-10-03 15:23:46.304 [Thread-0] INFO  br.ufpa.cbcc.threads.central.Antena - 41 => 64(3)
2021-10-03 15:23:46.304 [Thread-0] INFO  br.ufpa.cbcc.threads.central.Antena - 9 => 92(4)
2021-10-03 15:23:46.304 [Thread-0] INFO  br.ufpa.cbcc.threads.central.Antena - Antena-2 - Numeros selecionados 11 => 93 - prioridade 4
2021-10-03 15:23:46.305 [Thread-0] INFO  br.ufpa.cbcc.threads.central.Antena - Antena-2 - Tipos selecionados CIVIL => BOMBEIRO - prioridade 4
2021-10-03 15:23:46.305 [Thread-0] INFO  br.ufpa.cbcc.threads.central.Antena - Antena-2 - Ligacao conectada 11 => 93
2021-10-03 15:23:59.805 [main] ERROR br.ufpa.cbcc.threads.Application - Comando não reconhecido: espera0
2021-10-03 15:24:02.615 [main] ERROR br.ufpa.cbcc.threads.Application - Comando não reconhecido: espera0
2021-10-03 15:24:07.331 [Thread-0] INFO  br.ufpa.cbcc.threads.central.Antena - Ligações em espera
2021-10-03 15:24:07.332 [Thread-0] INFO  br.ufpa.cbcc.threads.central.Antena - 18 => 70 (3)
2021-10-03 15:24:07.334 [Thread-0] INFO  br.ufpa.cbcc.threads.central.Antena - 16 => 71 (3)
2021-10-03 15:24:07.334 [Thread-0] INFO  br.ufpa.cbcc.threads.central.Antena - 6 => 30 (2)
2021-10-03 15:24:07.336 [Thread-0] INFO  br.ufpa.cbcc.threads.central.Antena - 42 => 79 (3)
2021-10-03 15:24:07.337 [Thread-0] INFO  br.ufpa.cbcc.threads.central.Antena - 50 => 57 (2)
2021-10-03 15:24:07.338 [Thread-0] INFO  br.ufpa.cbcc.threads.central.Antena - 41 => 64 (3)
2021-10-03 15:24:07.338 [Thread-0] INFO  br.ufpa.cbcc.threads.central.Antena - 9 => 92 (4)
2021-10-03 15:24:14.150 [Thread-0] INFO  br.ufpa.cbcc.threads.central.Antena - Antena-2: Status: Total de ligacoes conectadas: 2
Total de ligacoes em espera: 7
Lista em curso: 
11(Antena-1) => 93(Antena-2)
69(Antena-0) => 98(Antena-2)

2021-10-03 15:24:24.754 [main] INFO  br.ufpa.cbcc.threads.central.Antena - Ligação encerrada: 69 => 98
2021-10-03 15:24:24.754 [Thread-0] INFO  br.ufpa.cbcc.threads.central.Antena - Antena-2 - FilaAtual: 
2021-10-03 15:24:24.760 [Thread-0] INFO  br.ufpa.cbcc.threads.central.Antena - 18 => 70(3)
2021-10-03 15:24:24.760 [Thread-0] INFO  br.ufpa.cbcc.threads.central.Antena - 16 => 71(3)
2021-10-03 15:24:24.761 [Thread-0] INFO  br.ufpa.cbcc.threads.central.Antena - 6 => 30(2)
2021-10-03 15:24:24.761 [Thread-0] INFO  br.ufpa.cbcc.threads.central.Antena - 42 => 79(3)
2021-10-03 15:24:24.761 [Thread-0] INFO  br.ufpa.cbcc.threads.central.Antena - 50 => 57(2)
2021-10-03 15:24:24.761 [Thread-0] INFO  br.ufpa.cbcc.threads.central.Antena - 41 => 64(3)
2021-10-03 15:24:24.761 [Thread-0] INFO  br.ufpa.cbcc.threads.central.Antena - 9 => 92(4)
2021-10-03 15:24:24.761 [Thread-0] INFO  br.ufpa.cbcc.threads.central.Antena - Antena-2 - Numeros selecionados 9 => 92 - prioridade 4
2021-10-03 15:24:24.761 [Thread-0] INFO  br.ufpa.cbcc.threads.central.Antena - Antena-2 - Tipos selecionados CIVIL => BOMBEIRO - prioridade 4
2021-10-03 15:24:24.761 [Thread-0] INFO  br.ufpa.cbcc.threads.central.Antena - Antena-2 - Ligacao conectada 9 => 92
2021-10-03 15:24:29.512 [Thread-0] INFO  br.ufpa.cbcc.threads.central.Antena - Antena-2: Status: Total de ligacoes conectadas: 2
Total de ligacoes em espera: 6
Lista em curso: 
11(Antena-1) => 93(Antena-2)
9(Antena-0) => 92(Antena-2)

