2021-10-03 02:15:12 [main] INFO  Antena - Ligacao conectada NumeroTelefone{tipoNumero=BOMBEIRO, numTelefome='900000088', emLicacaoCom=null} => NumeroTelefone{tipoNumero=BOMBEIRO, numTelefome='900000064', emLicacaoCom=null}
2021-10-03 02:15:12 [main] INFO  Antena - Ligacao conectada NumeroTelefone{tipoNumero=CIVIL, numTelefome='900000048', emLicacaoCom=null} => NumeroTelefone{tipoNumero=CIVIL, numTelefome='900000023', emLicacaoCom=null}
2021-10-03 02:15:12 [Thread-0] INFO  Antena - Antena Antena-2 em execucao
2021-10-03 02:15:12 [Thread-1] INFO  Antena - Antena Antena-1 em execucao
2021-10-03 02:15:14 [Thread-0] INFO  Antena - Antena Antena-2: nenhuma chamanda chegou =/
2021-10-03 02:15:14 [Thread-1] INFO  Antena - Antena Antena-1: nenhuma chamanda chegou =/
2021-10-03 02:15:14 [Thread-0] INFO  Antena - Status: Total de ligacoes conectadas: 1
Total de ligacoes em espera: 0
Lista em curso: 
900000088(Antena-2) => 900000064(Antena-2)

2021-10-03 02:15:14 [Thread-1] INFO  Antena - Status: Total de ligacoes conectadas: 1
Total de ligacoes em espera: 0
Lista em curso: 
900000048(Antena-2) => 900000023(Antena-1)

2021-10-03 02:15:16 [Thread-0] INFO  Antena - Antena Antena-2: nenhuma chamanda chegou =/
2021-10-03 02:15:16 [Thread-1] INFO  Antena - Antena Antena-1: nenhuma chamanda chegou =/
2021-10-03 02:15:16 [Thread-0] INFO  Antena - Status: Total de ligacoes conectadas: 1
Total de ligacoes em espera: 0
Lista em curso: 
900000088(Antena-2) => 900000064(Antena-2)

2021-10-03 02:15:16 [Thread-1] INFO  Antena - Status: Total de ligacoes conectadas: 1
Total de ligacoes em espera: 0
Lista em curso: 
900000048(Antena-2) => 900000023(Antena-1)

2021-10-03 02:15:18 [Thread-0] INFO  Antena - Antena Antena-2: nenhuma chamanda chegou =/
2021-10-03 02:15:18 [Thread-0] INFO  Antena - Status: Total de ligacoes conectadas: 1
Total de ligacoes em espera: 0
Lista em curso: 
900000088(Antena-2) => 900000064(Antena-2)

2021-10-03 02:15:18 [Thread-1] INFO  Antena - Antena Antena-1: nenhuma chamanda chegou =/
2021-10-03 02:15:18 [Thread-1] INFO  Antena - Status: Total de ligacoes conectadas: 1
Total de ligacoes em espera: 0
Lista em curso: 
900000048(Antena-2) => 900000023(Antena-1)

2021-10-03 02:15:20 [Thread-0] INFO  Antena - Antena Antena-2: nenhuma chamanda chegou =/
2021-10-03 02:15:20 [Thread-0] INFO  Antena - Status: Total de ligacoes conectadas: 1
Total de ligacoes em espera: 0
Lista em curso: 
900000088(Antena-2) => 900000064(Antena-2)

2021-10-03 02:15:20 [Thread-1] INFO  Antena - Antena Antena-1: nenhuma chamanda chegou =/
2021-10-03 02:15:20 [Thread-1] INFO  Antena - Status: Total de ligacoes conectadas: 1
Total de ligacoes em espera: 0
Lista em curso: 
900000048(Antena-2) => 900000023(Antena-1)

2021-10-03 02:15:22 [Thread-0] INFO  Antena - Antena Antena-2: nenhuma chamanda chegou =/
2021-10-03 02:15:22 [Thread-1] INFO  Antena - Antena Antena-1: nenhuma chamanda chegou =/
2021-10-03 02:15:22 [Thread-0] INFO  Antena - Status: Total de ligacoes conectadas: 1
Total de ligacoes em espera: 0
Lista em curso: 
900000088(Antena-2) => 900000064(Antena-2)

2021-10-03 02:15:22 [Thread-1] INFO  Antena - Status: Total de ligacoes conectadas: 1
Total de ligacoes em espera: 0
Lista em curso: 
900000048(Antena-2) => 900000023(Antena-1)

2021-10-03 02:15:24 [Thread-1] INFO  Antena - Antena Antena-1: nenhuma chamanda chegou =/
2021-10-03 02:15:24 [Thread-0] INFO  Antena - Antena Antena-2: nenhuma chamanda chegou =/
2021-10-03 02:15:24 [Thread-1] INFO  Antena - Status: Total de ligacoes conectadas: 1
Total de ligacoes em espera: 0
Lista em curso: 
900000048(Antena-2) => 900000023(Antena-1)

2021-10-03 02:15:24 [Thread-0] INFO  Antena - Status: Total de ligacoes conectadas: 1
Total de ligacoes em espera: 0
Lista em curso: 
900000088(Antena-2) => 900000064(Antena-2)

2021-10-03 02:15:26 [Thread-1] INFO  Antena - Antena Antena-1: nenhuma chamanda chegou =/
2021-10-03 02:15:26 [Thread-0] INFO  Antena - Antena Antena-2: nenhuma chamanda chegou =/
2021-10-03 02:15:26 [Thread-1] INFO  Antena - Status: Total de ligacoes conectadas: 1
Total de ligacoes em espera: 0
Lista em curso: 
900000048(Antena-2) => 900000023(Antena-1)

2021-10-03 02:15:26 [Thread-0] INFO  Antena - Status: Total de ligacoes conectadas: 1
Total de ligacoes em espera: 0
Lista em curso: 
900000088(Antena-2) => 900000064(Antena-2)

2021-10-03 02:15:28 [Thread-1] INFO  Antena - Antena Antena-1: nenhuma chamanda chegou =/
2021-10-03 02:15:28 [Thread-0] INFO  Antena - Antena Antena-2: nenhuma chamanda chegou =/
2021-10-03 02:15:28 [Thread-1] INFO  Antena - Status: Total de ligacoes conectadas: 1
Total de ligacoes em espera: 0
Lista em curso: 
900000048(Antena-2) => 900000023(Antena-1)

2021-10-03 02:15:28 [Thread-0] INFO  Antena - Status: Total de ligacoes conectadas: 1
Total de ligacoes em espera: 0
Lista em curso: 
900000088(Antena-2) => 900000064(Antena-2)

2021-10-03 02:15:30 [Thread-0] INFO  Antena - Antena Antena-2: nenhuma chamanda chegou =/
2021-10-03 02:15:30 [Thread-1] INFO  Antena - Antena Antena-1: nenhuma chamanda chegou =/
2021-10-03 02:15:30 [Thread-0] INFO  Antena - Status: Total de ligacoes conectadas: 1
Total de ligacoes em espera: 0
Lista em curso: 
900000088(Antena-2) => 900000064(Antena-2)

2021-10-03 02:15:30 [Thread-1] INFO  Antena - Status: Total de ligacoes conectadas: 1
Total de ligacoes em espera: 0
Lista em curso: 
900000048(Antena-2) => 900000023(Antena-1)

2021-10-03 02:15:32 [Thread-0] INFO  Antena - Antena Antena-2: nenhuma chamanda chegou =/
2021-10-03 02:15:32 [Thread-1] INFO  Antena - Antena Antena-1: nenhuma chamanda chegou =/
2021-10-03 02:15:32 [Thread-0] INFO  Antena - Status: Total de ligacoes conectadas: 1
Total de ligacoes em espera: 0
Lista em curso: 
900000088(Antena-2) => 900000064(Antena-2)

2021-10-03 02:15:32 [Thread-1] INFO  Antena - Status: Total de ligacoes conectadas: 1
Total de ligacoes em espera: 0
Lista em curso: 
900000048(Antena-2) => 900000023(Antena-1)

2021-10-03 02:15:32 [Thread-0] INFO  Antena - Deligando a antena Antena-2
2021-10-03 02:15:32 [Thread-1] INFO  Antena - Deligando a antena Antena-1
2021-10-03 02:26:31 [main] INFO  Antena - Ligacao conectada NumeroTelefone{tipoNumero=CIVIL, numTelefome='900000003', emLicacaoCom=null} => NumeroTelefone{tipoNumero=MEDICO, numTelefome='900000095', emLicacaoCom=null}
2021-10-03 02:26:31 [main] INFO  Antena - Ligacao conectada NumeroTelefone{tipoNumero=CIVIL, numTelefome='900000032', emLicacaoCom=null} => NumeroTelefone{tipoNumero=BOMBEIRO, numTelefome='900000084', emLicacaoCom=null}
2021-10-03 02:26:31 [Thread-1] INFO  Antena - Antena Antena-1 em execucao
2021-10-03 02:26:31 [Thread-0] INFO  Antena - Antena Antena-2 em execucao
2021-10-03 02:26:33 [Thread-1] INFO  Antena - Antena Antena-1: nenhuma chamanda chegou =/
2021-10-03 02:26:33 [Thread-0] INFO  Antena - Antena Antena-2: nenhuma chamanda chegou =/
2021-10-03 02:26:33 [Thread-1] INFO  Antena - Status: Total de ligacoes conectadas: 0
Total de ligacoes em espera: 0
Lista em curso: 

2021-10-03 02:26:33 [Thread-0] INFO  Antena - Status: Total de ligacoes conectadas: 2
Total de ligacoes em espera: 0
Lista em curso: 
900000003(Antena-2) => 900000095(Antena-2)
900000032(Antena-1) => 900000084(Antena-2)

2021-10-03 02:26:35 [Thread-1] INFO  Antena - Antena Antena-1: nenhuma chamanda chegou =/
2021-10-03 02:26:35 [Thread-0] INFO  Antena - Antena Antena-2: nenhuma chamanda chegou =/
2021-10-03 02:26:35 [Thread-1] INFO  Antena - Status: Total de ligacoes conectadas: 0
Total de ligacoes em espera: 0
Lista em curso: 

2021-10-03 02:26:35 [Thread-0] INFO  Antena - Status: Total de ligacoes conectadas: 2
Total de ligacoes em espera: 0
Lista em curso: 
900000003(Antena-2) => 900000095(Antena-2)
900000032(Antena-1) => 900000084(Antena-2)

2021-10-03 02:26:37 [Thread-1] INFO  Antena - Antena Antena-1: nenhuma chamanda chegou =/
2021-10-03 02:26:37 [Thread-0] INFO  Antena - Antena Antena-2: nenhuma chamanda chegou =/
2021-10-03 02:26:37 [Thread-1] INFO  Antena - Status: Total de ligacoes conectadas: 0
Total de ligacoes em espera: 0
Lista em curso: 

2021-10-03 02:26:37 [Thread-0] INFO  Antena - Status: Total de ligacoes conectadas: 2
Total de ligacoes em espera: 0
Lista em curso: 
900000003(Antena-2) => 900000095(Antena-2)
900000032(Antena-1) => 900000084(Antena-2)

2021-10-03 02:26:39 [Thread-1] INFO  Antena - Antena Antena-1: nenhuma chamanda chegou =/
2021-10-03 02:26:39 [Thread-0] INFO  Antena - Antena Antena-2: nenhuma chamanda chegou =/
2021-10-03 02:26:39 [Thread-1] INFO  Antena - Status: Total de ligacoes conectadas: 0
Total de ligacoes em espera: 0
Lista em curso: 

2021-10-03 02:26:39 [Thread-0] INFO  Antena - Status: Total de ligacoes conectadas: 2
Total de ligacoes em espera: 0
Lista em curso: 
900000003(Antena-2) => 900000095(Antena-2)
900000032(Antena-1) => 900000084(Antena-2)

2021-10-03 02:26:41 [Thread-0] INFO  Antena - Antena Antena-2: nenhuma chamanda chegou =/
2021-10-03 02:26:41 [Thread-1] INFO  Antena - Antena Antena-1: nenhuma chamanda chegou =/
2021-10-03 02:26:41 [Thread-1] INFO  Antena - Status: Total de ligacoes conectadas: 0
Total de ligacoes em espera: 0
Lista em curso: 

2021-10-03 02:26:41 [Thread-0] INFO  Antena - Status: Total de ligacoes conectadas: 2
Total de ligacoes em espera: 0
Lista em curso: 
900000003(Antena-2) => 900000095(Antena-2)
900000032(Antena-1) => 900000084(Antena-2)

2021-10-03 02:26:43 [Thread-1] INFO  Antena - Antena Antena-1: nenhuma chamanda chegou =/
2021-10-03 02:26:43 [Thread-0] INFO  Antena - Antena Antena-2: nenhuma chamanda chegou =/
2021-10-03 02:26:43 [Thread-1] INFO  Antena - Status: Total de ligacoes conectadas: 0
Total de ligacoes em espera: 0
Lista em curso: 

2021-10-03 02:26:43 [Thread-0] INFO  Antena - Status: Total de ligacoes conectadas: 2
Total de ligacoes em espera: 0
Lista em curso: 
900000003(Antena-2) => 900000095(Antena-2)
900000032(Antena-1) => 900000084(Antena-2)

2021-10-03 02:26:45 [Thread-1] INFO  Antena - Antena Antena-1: nenhuma chamanda chegou =/
2021-10-03 02:26:45 [Thread-0] INFO  Antena - Antena Antena-2: nenhuma chamanda chegou =/
2021-10-03 02:26:45 [Thread-1] INFO  Antena - Status: Total de ligacoes conectadas: 0
Total de ligacoes em espera: 0
Lista em curso: 

2021-10-03 02:26:45 [Thread-0] INFO  Antena - Status: Total de ligacoes conectadas: 2
Total de ligacoes em espera: 0
Lista em curso: 
900000003(Antena-2) => 900000095(Antena-2)
900000032(Antena-1) => 900000084(Antena-2)

2021-10-03 02:26:47 [Thread-1] INFO  Antena - Antena Antena-1: nenhuma chamanda chegou =/
2021-10-03 02:26:47 [Thread-0] INFO  Antena - Antena Antena-2: nenhuma chamanda chegou =/
2021-10-03 02:26:47 [Thread-0] INFO  Antena - Status: Total de ligacoes conectadas: 2
Total de ligacoes em espera: 0
Lista em curso: 
900000003(Antena-2) => 900000095(Antena-2)
900000032(Antena-1) => 900000084(Antena-2)

2021-10-03 02:26:47 [Thread-1] INFO  Antena - Status: Total de ligacoes conectadas: 0
Total de ligacoes em espera: 0
Lista em curso: 

2021-10-03 02:26:49 [Thread-0] INFO  Antena - Antena Antena-2: nenhuma chamanda chegou =/
2021-10-03 02:26:49 [Thread-1] INFO  Antena - Antena Antena-1: nenhuma chamanda chegou =/
2021-10-03 02:26:49 [Thread-0] INFO  Antena - Status: Total de ligacoes conectadas: 2
Total de ligacoes em espera: 0
Lista em curso: 
900000003(Antena-2) => 900000095(Antena-2)
900000032(Antena-1) => 900000084(Antena-2)

2021-10-03 02:26:49 [Thread-1] INFO  Antena - Status: Total de ligacoes conectadas: 0
Total de ligacoes em espera: 0
Lista em curso: 

2021-10-03 02:26:51 [Thread-0] INFO  Antena - Antena Antena-2: nenhuma chamanda chegou =/
2021-10-03 02:26:51 [Thread-0] INFO  Antena - Status: Total de ligacoes conectadas: 2
Total de ligacoes em espera: 0
Lista em curso: 
900000003(Antena-2) => 900000095(Antena-2)
900000032(Antena-1) => 900000084(Antena-2)

2021-10-03 02:26:51 [Thread-1] INFO  Antena - Antena Antena-1: nenhuma chamanda chegou =/
2021-10-03 02:26:51 [Thread-1] INFO  Antena - Status: Total de ligacoes conectadas: 0
Total de ligacoes em espera: 0
Lista em curso: 

2021-10-03 02:26:51 [Thread-1] INFO  Antena - Deligando a antena Antena-1
2021-10-03 02:26:51 [Thread-0] INFO  Antena - Deligando a antena Antena-2
2021-10-03 02:27:04 [main] INFO  Antena - Ligacao conectada NumeroTelefone{tipoNumero=BOMBEIRO, numTelefome='900000082', emLicacaoCom=null} => NumeroTelefone{tipoNumero=BOMBEIRO, numTelefome='900000088', emLicacaoCom=null}
2021-10-03 02:27:04 [main] INFO  Antena - Ligacao conectada NumeroTelefone{tipoNumero=CIVIL, numTelefome='900000000', emLicacaoCom=null} => NumeroTelefone{tipoNumero=BOMBEIRO, numTelefome='900000069', emLicacaoCom=null}
2021-10-03 02:27:04 [Thread-0] INFO  Antena - Antena Antena-2 em execucao
2021-10-03 02:27:04 [Thread-1] INFO  Antena - Antena Antena-1 em execucao
2021-10-03 02:27:06 [Thread-0] INFO  Antena - Antena Antena-2: nenhuma chamanda chegou =/
2021-10-03 02:27:06 [Thread-1] INFO  Antena - Antena Antena-1: nenhuma chamanda chegou =/
2021-10-03 02:27:06 [Thread-0] INFO  Antena - Status: Total de ligacoes conectadas: 0
Total de ligacoes em espera: 0
Lista em curso: 

2021-10-03 02:27:06 [Thread-1] INFO  Antena - Status: Total de ligacoes conectadas: 2
Total de ligacoes em espera: 0
Lista em curso: 
900000082(Antena-2) => 900000088(Antena-1)
900000000(Antena-1) => 900000069(Antena-1)

2021-10-03 02:27:08 [Thread-0] INFO  Antena - Antena Antena-2: nenhuma chamanda chegou =/
2021-10-03 02:27:08 [Thread-1] INFO  Antena - Antena Antena-1: nenhuma chamanda chegou =/
2021-10-03 02:27:08 [Thread-0] INFO  Antena - Status: Total de ligacoes conectadas: 0
Total de ligacoes em espera: 0
Lista em curso: 

2021-10-03 02:27:08 [Thread-1] INFO  Antena - Status: Total de ligacoes conectadas: 2
Total de ligacoes em espera: 0
Lista em curso: 
900000082(Antena-2) => 900000088(Antena-1)
900000000(Antena-1) => 900000069(Antena-1)

2021-10-03 02:27:10 [Thread-1] INFO  Antena - Antena Antena-1: nenhuma chamanda chegou =/
2021-10-03 02:27:10 [Thread-0] INFO  Antena - Antena Antena-2: nenhuma chamanda chegou =/
2021-10-03 02:27:10 [Thread-1] INFO  Antena - Status: Total de ligacoes conectadas: 2
Total de ligacoes em espera: 0
Lista em curso: 
900000082(Antena-2) => 900000088(Antena-1)
900000000(Antena-1) => 900000069(Antena-1)

2021-10-03 02:27:10 [Thread-0] INFO  Antena - Status: Total de ligacoes conectadas: 0
Total de ligacoes em espera: 0
Lista em curso: 

2021-10-03 02:27:12 [Thread-1] INFO  Antena - Antena Antena-1: nenhuma chamanda chegou =/
2021-10-03 02:27:12 [Thread-0] INFO  Antena - Antena Antena-2: nenhuma chamanda chegou =/
2021-10-03 02:27:12 [Thread-1] INFO  Antena - Status: Total de ligacoes conectadas: 2
Total de ligacoes em espera: 0
Lista em curso: 
900000082(Antena-2) => 900000088(Antena-1)
900000000(Antena-1) => 900000069(Antena-1)

2021-10-03 02:27:12 [Thread-0] INFO  Antena - Status: Total de ligacoes conectadas: 0
Total de ligacoes em espera: 0
Lista em curso: 

2021-10-03 02:27:14 [Thread-0] INFO  Antena - Antena Antena-2: nenhuma chamanda chegou =/
2021-10-03 02:27:14 [Thread-1] INFO  Antena - Antena Antena-1: nenhuma chamanda chegou =/
2021-10-03 02:27:14 [Thread-0] INFO  Antena - Status: Total de ligacoes conectadas: 0
Total de ligacoes em espera: 0
Lista em curso: 

2021-10-03 02:27:14 [Thread-1] INFO  Antena - Status: Total de ligacoes conectadas: 2
Total de ligacoes em espera: 0
Lista em curso: 
900000082(Antena-2) => 900000088(Antena-1)
900000000(Antena-1) => 900000069(Antena-1)

2021-10-03 02:27:16 [Thread-1] INFO  Antena - Antena Antena-1: nenhuma chamanda chegou =/
2021-10-03 02:27:16 [Thread-0] INFO  Antena - Antena Antena-2: nenhuma chamanda chegou =/
2021-10-03 02:27:16 [Thread-0] INFO  Antena - Status: Total de ligacoes conectadas: 0
Total de ligacoes em espera: 0
Lista em curso: 

2021-10-03 02:27:16 [Thread-1] INFO  Antena - Status: Total de ligacoes conectadas: 2
Total de ligacoes em espera: 0
Lista em curso: 
900000082(Antena-2) => 900000088(Antena-1)
900000000(Antena-1) => 900000069(Antena-1)

2021-10-03 02:27:18 [Thread-0] INFO  Antena - Antena Antena-2: nenhuma chamanda chegou =/
2021-10-03 02:27:18 [Thread-0] INFO  Antena - Status: Total de ligacoes conectadas: 0
Total de ligacoes em espera: 0
Lista em curso: 

2021-10-03 02:27:18 [Thread-1] INFO  Antena - Antena Antena-1: nenhuma chamanda chegou =/
2021-10-03 02:27:18 [Thread-1] INFO  Antena - Status: Total de ligacoes conectadas: 2
Total de ligacoes em espera: 0
Lista em curso: 
900000082(Antena-2) => 900000088(Antena-1)
900000000(Antena-1) => 900000069(Antena-1)

2021-10-03 02:27:20 [Thread-1] INFO  Antena - Antena Antena-1: nenhuma chamanda chegou =/
2021-10-03 02:27:20 [Thread-0] INFO  Antena - Antena Antena-2: nenhuma chamanda chegou =/
2021-10-03 02:27:20 [Thread-1] INFO  Antena - Status: Total de ligacoes conectadas: 2
Total de ligacoes em espera: 0
Lista em curso: 
900000082(Antena-2) => 900000088(Antena-1)
900000000(Antena-1) => 900000069(Antena-1)

2021-10-03 02:27:20 [Thread-0] INFO  Antena - Status: Total de ligacoes conectadas: 0
Total de ligacoes em espera: 0
Lista em curso: 

2021-10-03 02:27:22 [Thread-1] INFO  Antena - Antena Antena-1: nenhuma chamanda chegou =/
2021-10-03 02:27:22 [Thread-0] INFO  Antena - Antena Antena-2: nenhuma chamanda chegou =/
2021-10-03 02:27:22 [Thread-1] INFO  Antena - Status: Total de ligacoes conectadas: 2
Total de ligacoes em espera: 0
Lista em curso: 
900000082(Antena-2) => 900000088(Antena-1)
900000000(Antena-1) => 900000069(Antena-1)

2021-10-03 02:27:22 [Thread-0] INFO  Antena - Status: Total de ligacoes conectadas: 0
Total de ligacoes em espera: 0
Lista em curso: 

2021-10-03 02:27:24 [Thread-1] INFO  Antena - Antena Antena-1: nenhuma chamanda chegou =/
2021-10-03 02:27:24 [Thread-0] INFO  Antena - Antena Antena-2: nenhuma chamanda chegou =/
2021-10-03 02:27:24 [Thread-1] INFO  Antena - Status: Total de ligacoes conectadas: 2
Total de ligacoes em espera: 0
Lista em curso: 
900000082(Antena-2) => 900000088(Antena-1)
900000000(Antena-1) => 900000069(Antena-1)

2021-10-03 02:27:24 [Thread-0] INFO  Antena - Status: Total de ligacoes conectadas: 0
Total de ligacoes em espera: 0
Lista em curso: 

2021-10-03 02:27:24 [Thread-0] INFO  Antena - Deligando a antena Antena-2
2021-10-03 02:27:24 [Thread-1] INFO  Antena - Deligando a antena Antena-1
